[0223/131007.153:INFO:CONSOLE(2)] "[SW] <getHtmlOrRedirectToMirror> [object Object]", source: https://1wuswz.com/sw.js (2)
[0223/131007.154:INFO:CONSOLE(2)] "[SW] <fetchHtml>", source: https://1wuswz.com/sw.js (2)
[0223/131007.154:INFO:CONSOLE(1)] "[94m[info] [pwa] Fetch page before start.", source: https://1wuswz.com/sw.js (1)
[0223/131007.696:INFO:CONSOLE(1)] "[94m[info] [pwa] Fetch page have started.", source: https://1wuswz.com/sw.js (1)
[0223/131007.697:INFO:CONSOLE(2)] "[SW] <fetchHtml> | Resolves 0.543", source: https://1wuswz.com/sw.js (2)
[0223/131007.697:INFO:CONSOLE(2)] "[SW] <fetchHtml> | Finish 0.543", source: https://1wuswz.com/sw.js (2)
[0223/131007.698:INFO:CONSOLE(2)] "[SW] Source domain is alive again!", source: https://1wuswz.com/sw.js (2)
[0223/131008.188:INFO:CONSOLE(33)] "Saved partner info visit_domain 1wuswz.com", source: https://1wuswz.com/resources/v1/app/assets/plugin-uikit-Dd9UfCfs.js (33)
[0223/131008.189:INFO:CONSOLE(33)] "Saved partner info session_visit_domain 1wuswz.com", source: https://1wuswz.com/resources/v1/app/assets/plugin-uikit-Dd9UfCfs.js (33)
[0223/131009.858:INFO:CONSOLE(0)] "Third-party cookie will be blocked. Learn more in the Issues tab.", source: https://1wuswz.com/ (0)
[0223/131009.858:INFO:CONSOLE(0)] "Third-party cookie will be blocked. Learn more in the Issues tab.", source: https://1wuswz.com/ (0)
[0223/131009.858:INFO:CONSOLE(0)] "Third-party cookie will be blocked. Learn more in the Issues tab.", source: https://1wuswz.com/ (0)
[0223/131009.858:INFO:CONSOLE(0)] "Third-party cookie will be blocked. Learn more in the Issues tab.", source: https://1wuswz.com/ (0)
[0223/131009.858:INFO:CONSOLE(0)] "Third-party cookie will be blocked. Learn more in the Issues tab.", source: https://1wuswz.com/ (0)
[0223/131009.859:INFO:CONSOLE(33)] "<--------->", source: https://1wuswz.com/resources/v1/app/assets/plugin-uikit-Dd9UfCfs.js (33)
[0223/131009.859:INFO:CONSOLE(33)] "Saved partner info visit_domain 1wuswz.com", source: https://1wuswz.com/resources/v1/app/assets/plugin-uikit-Dd9UfCfs.js (33)
[0223/131009.860:INFO:CONSOLE(33)] "Saved partner info click_id cf3a2d85-6669-4c42-85c7-785a2eba7728", source: https://1wuswz.com/resources/v1/app/assets/plugin-uikit-Dd9UfCfs.js (33)
[0223/131009.860:INFO:CONSOLE(33)] "Saved partner info visitor-id 9a0f5390-e82f-490a-a7b0-5cb05a6cf0f5", source: https://1wuswz.com/resources/v1/app/assets/plugin-uikit-Dd9UfCfs.js (33)
[0223/131010.162:INFO:CONSOLE(2)] "[SW] <getHtmlOrRedirectToMirror/redirect> | No redirect available", source: https://1wuswz.com/sw.js (2)
[0223/131011.927:INFO:CONSOLE(2)] "[SW] <getHtmlOrRedirectToMirror> [object Object]", source: https://1wuswz.com/sw.js (2)
[0223/131011.927:INFO:CONSOLE(2)] "[SW] <fetchHtml>", source: https://1wuswz.com/sw.js (2)
[0223/131011.927:INFO:CONSOLE(1)] "[94m[info] [pwa] Fetch page before start.", source: https://1wuswz.com/sw.js (1)
[0223/131012.043:INFO:CONSOLE(1)] "[94m[info] [pwa] Fetch page have started.", source: https://1wuswz.com/sw.js (1)
[0223/131012.043:INFO:CONSOLE(2)] "[SW] <fetchHtml> | Resolves 0.116", source: https://1wuswz.com/sw.js (2)
[0223/131012.043:INFO:CONSOLE(2)] "[SW] <fetchHtml> | Finish 0.116", source: https://1wuswz.com/sw.js (2)
[0223/131012.043:INFO:CONSOLE(2)] "[SW] Source domain is alive again!", source: https://1wuswz.com/sw.js (2)
[0223/131012.076:INFO:CONSOLE(33)] "Saved partner info visit_domain 1wuswz.com", source: https://1wuswz.com/resources/v1/app/assets/plugin-uikit-Dd9UfCfs.js (33)
[0223/131012.077:INFO:CONSOLE(33)] "Saved partner info session_visit_domain 1wuswz.com", source: https://1wuswz.com/resources/v1/app/assets/plugin-uikit-Dd9UfCfs.js (33)
[0223/131012.294:INFO:CONSOLE(0)] "Third-party cookie will be blocked. Learn more in the Issues tab.", source: https://1wuswz.com/ (0)
[0223/131012.294:INFO:CONSOLE(0)] "Third-party cookie will be blocked. Learn more in the Issues tab.", source: https://1wuswz.com/ (0)
[0223/131012.294:INFO:CONSOLE(0)] "Third-party cookie will be blocked. Learn more in the Issues tab.", source: https://1wuswz.com/ (0)
[0223/131012.294:INFO:CONSOLE(0)] "Third-party cookie will be blocked. Learn more in the Issues tab.", source: https://1wuswz.com/ (0)
[0223/131012.294:INFO:CONSOLE(0)] "Third-party cookie will be blocked. Learn more in the Issues tab.", source: https://1wuswz.com/ (0)
[0223/131012.295:INFO:CONSOLE(33)] "<--------->", source: https://1wuswz.com/resources/v1/app/assets/plugin-uikit-Dd9UfCfs.js (33)
[0223/131012.295:INFO:CONSOLE(33)] "Saved partner info visit_domain 1wuswz.com", source: https://1wuswz.com/resources/v1/app/assets/plugin-uikit-Dd9UfCfs.js (33)
[0223/131012.295:INFO:CONSOLE(33)] "Saved partner info click_id cf3a2d85-6669-4c42-85c7-785a2eba7728", source: https://1wuswz.com/resources/v1/app/assets/plugin-uikit-Dd9UfCfs.js (33)
[0223/131012.296:INFO:CONSOLE(33)] "Saved partner info visitor-id 9a0f5390-e82f-490a-a7b0-5cb05a6cf0f5", source: https://1wuswz.com/resources/v1/app/assets/plugin-uikit-Dd9UfCfs.js (33)
[0223/131014.940:INFO:CONSOLE(2)] "[SW] <getHtmlOrRedirectToMirror/redirect> | No redirect available", source: https://1wuswz.com/sw.js (2)
[0223/131031.493:INFO:CONSOLE(2)] "[SW] <getHtmlOrRedirectToMirror> [object Object]", source: https://1wuswz.com/sw.js (2)
[0223/131031.493:INFO:CONSOLE(2)] "[SW] <fetchHtml>", source: https://1wuswz.com/sw.js (2)
[0223/131031.493:INFO:CONSOLE(1)] "[94m[info] [pwa] Fetch page before start.", source: https://1wuswz.com/sw.js (1)
[0223/131031.747:INFO:CONSOLE(1)] "[94m[info] [pwa] Fetch page have started.", source: https://1wuswz.com/sw.js (1)
[0223/131031.747:INFO:CONSOLE(2)] "[SW] <fetchHtml> | Resolves 0.254", source: https://1wuswz.com/sw.js (2)
[0223/131031.748:INFO:CONSOLE(2)] "[SW] <fetchHtml> | Finish 0.254", source: https://1wuswz.com/sw.js (2)
[0223/131031.748:INFO:CONSOLE(2)] "[SW] Source domain is alive again!", source: https://1wuswz.com/sw.js (2)
[0223/131031.785:INFO:CONSOLE(33)] "Saved partner info visit_domain 1wuswz.com", source: https://1wuswz.com/resources/v1/app/assets/plugin-uikit-Dd9UfCfs.js (33)
[0223/131031.785:INFO:CONSOLE(33)] "Saved partner info session_visit_domain 1wuswz.com", source: https://1wuswz.com/resources/v1/app/assets/plugin-uikit-Dd9UfCfs.js (33)
[0223/131032.085:INFO:CONSOLE(0)] "Third-party cookie will be blocked. Learn more in the Issues tab.", source: https://1wuswz.com/ (0)
[0223/131032.085:INFO:CONSOLE(0)] "Third-party cookie will be blocked. Learn more in the Issues tab.", source: https://1wuswz.com/ (0)
[0223/131032.085:INFO:CONSOLE(0)] "Third-party cookie will be blocked. Learn more in the Issues tab.", source: https://1wuswz.com/ (0)
[0223/131032.085:INFO:CONSOLE(0)] "Third-party cookie will be blocked. Learn more in the Issues tab.", source: https://1wuswz.com/ (0)
[0223/131032.085:INFO:CONSOLE(0)] "Third-party cookie will be blocked. Learn more in the Issues tab.", source: https://1wuswz.com/ (0)
[0223/131032.086:INFO:CONSOLE(33)] "<--------->", source: https://1wuswz.com/resources/v1/app/assets/plugin-uikit-Dd9UfCfs.js (33)
[0223/131032.087:INFO:CONSOLE(33)] "Saved partner info visit_domain 1wuswz.com", source: https://1wuswz.com/resources/v1/app/assets/plugin-uikit-Dd9UfCfs.js (33)
[0223/131032.087:INFO:CONSOLE(33)] "Saved partner info click_id cf3a2d85-6669-4c42-85c7-785a2eba7728", source: https://1wuswz.com/resources/v1/app/assets/plugin-uikit-Dd9UfCfs.js (33)
[0223/131032.087:INFO:CONSOLE(33)] "Saved partner info visitor-id 9a0f5390-e82f-490a-a7b0-5cb05a6cf0f5", source: https://1wuswz.com/resources/v1/app/assets/plugin-uikit-Dd9UfCfs.js (33)
[0223/131034.506:INFO:CONSOLE(2)] "[SW] <getHtmlOrRedirectToMirror/redirect> | No redirect available", source: https://1wuswz.com/sw.js (2)
[0223/131044.421:INFO:CONSOLE(2)] "[SW] <getHtmlOrRedirectToMirror> [object Object]", source: https://1wuswz.com/sw.js (2)
[0223/131044.422:INFO:CONSOLE(2)] "[SW] <fetchHtml>", source: https://1wuswz.com/sw.js (2)
[0223/131044.422:INFO:CONSOLE(1)] "[94m[info] [pwa] Fetch page before start.", source: https://1wuswz.com/sw.js (1)
[0223/131044.536:INFO:CONSOLE(1)] "[94m[info] [pwa] Fetch page have started.", source: https://1wuswz.com/sw.js (1)
[0223/131044.536:INFO:CONSOLE(2)] "[SW] <fetchHtml> | Resolves 0.115", source: https://1wuswz.com/sw.js (2)
[0223/131044.536:INFO:CONSOLE(2)] "[SW] <fetchHtml> | Finish 0.115", source: https://1wuswz.com/sw.js (2)
[0223/131044.536:INFO:CONSOLE(2)] "[SW] Source domain is alive again!", source: https://1wuswz.com/sw.js (2)
[0223/131044.580:INFO:CONSOLE(33)] "Saved partner info visit_domain 1wuswz.com", source: https://1wuswz.com/resources/v1/app/assets/plugin-uikit-Dd9UfCfs.js (33)
[0223/131044.580:INFO:CONSOLE(33)] "Saved partner info session_visit_domain 1wuswz.com", source: https://1wuswz.com/resources/v1/app/assets/plugin-uikit-Dd9UfCfs.js (33)
[0223/131044.955:INFO:CONSOLE(0)] "Third-party cookie will be blocked. Learn more in the Issues tab.", source: https://1wuswz.com/ (0)
[0223/131044.955:INFO:CONSOLE(0)] "Third-party cookie will be blocked. Learn more in the Issues tab.", source: https://1wuswz.com/ (0)
[0223/131044.956:INFO:CONSOLE(0)] "Third-party cookie will be blocked. Learn more in the Issues tab.", source: https://1wuswz.com/ (0)
[0223/131044.956:INFO:CONSOLE(0)] "Third-party cookie will be blocked. Learn more in the Issues tab.", source: https://1wuswz.com/ (0)
[0223/131044.956:INFO:CONSOLE(0)] "Third-party cookie will be blocked. Learn more in the Issues tab.", source: https://1wuswz.com/ (0)
[0223/131044.956:INFO:CONSOLE(33)] "<--------->", source: https://1wuswz.com/resources/v1/app/assets/plugin-uikit-Dd9UfCfs.js (33)
[0223/131044.957:INFO:CONSOLE(33)] "Saved partner info visit_domain 1wuswz.com", source: https://1wuswz.com/resources/v1/app/assets/plugin-uikit-Dd9UfCfs.js (33)
[0223/131044.957:INFO:CONSOLE(33)] "Saved partner info click_id cf3a2d85-6669-4c42-85c7-785a2eba7728", source: https://1wuswz.com/resources/v1/app/assets/plugin-uikit-Dd9UfCfs.js (33)
[0223/131044.957:INFO:CONSOLE(33)] "Saved partner info visitor-id 9a0f5390-e82f-490a-a7b0-5cb05a6cf0f5", source: https://1wuswz.com/resources/v1/app/assets/plugin-uikit-Dd9UfCfs.js (33)
[0223/131047.426:INFO:CONSOLE(2)] "[SW] <getHtmlOrRedirectToMirror/redirect> | No redirect available", source: https://1wuswz.com/sw.js (2)
